{"C:\\work\\react-homework\\src\\index.jsx": {"path":"C:\\work\\react-homework\\src\\index.jsx","statementMap":{"0":{"start":{"line":6,"column":0},"end":{"line":6,"column":58}}},"fnMap":{},"branchMap":{},"s":{"0":0},"f":{},"b":{}}
,"C:\\work\\react-homework\\src\\components\\App\\App.jsx": {"path":"C:\\work\\react-homework\\src\\components\\App\\App.jsx","statementMap":{"0":{"start":{"line":9,"column":4},"end":{"line":14,"column":6}}},"fnMap":{"0":{"name":"App","decl":{"start":{"line":8,"column":24},"end":{"line":8,"column":27}},"loc":{"start":{"line":8,"column":30},"end":{"line":15,"column":1}},"line":8}},"branchMap":{},"s":{"0":1},"f":{"0":1},"b":{},"_coverageSchema":"1a1c01bbd47fc00a2c39e90264f33305004495a9","hash":"efa19cdbc7d3dbd9ff11350a8c04c011f40d6aec"}
,"C:\\work\\react-homework\\src\\components\\CardItem\\CardItem.jsx": {"path":"C:\\work\\react-homework\\src\\components\\CardItem\\CardItem.jsx","statementMap":{"0":{"start":{"line":6,"column":4},"end":{"line":20,"column":6}}},"fnMap":{"0":{"name":"CardItem","decl":{"start":{"line":5,"column":24},"end":{"line":5,"column":32}},"loc":{"start":{"line":5,"column":66},"end":{"line":21,"column":1}},"line":5}},"branchMap":{},"s":{"0":1},"f":{"0":1},"b":{},"_coverageSchema":"1a1c01bbd47fc00a2c39e90264f33305004495a9","hash":"647a5b0f0ad448d8239c01ef5e6060272899b2c8"}
,"C:\\work\\react-homework\\src\\components\\CardsContainer\\CardsContainer.jsx": {"path":"C:\\work\\react-homework\\src\\components\\CardsContainer\\CardsContainer.jsx","statementMap":{"0":{"start":{"line":9,"column":8},"end":{"line":9,"column":21}},"1":{"start":{"line":11,"column":8},"end":{"line":11,"column":28}},"2":{"start":{"line":12,"column":8},"end":{"line":12,"column":66}},"3":{"start":{"line":13,"column":8},"end":{"line":13,"column":60}},"4":{"start":{"line":15,"column":8},"end":{"line":17,"column":10}},"5":{"start":{"line":21,"column":8},"end":{"line":21,"column":33}},"6":{"start":{"line":25,"column":28},"end":{"line":25,"column":87}},"7":{"start":{"line":26,"column":26},"end":{"line":26,"column":90}},"8":{"start":{"line":28,"column":8},"end":{"line":30,"column":57}},"9":{"start":{"line":29,"column":29},"end":{"line":29,"column":110}},"10":{"start":{"line":30,"column":28},"end":{"line":30,"column":55}},"11":{"start":{"line":34,"column":23},"end":{"line":34,"column":47}},"12":{"start":{"line":36,"column":8},"end":{"line":58,"column":10}},"13":{"start":{"line":41,"column":28},"end":{"line":48,"column":35}},"14":{"start":{"line":62,"column":8},"end":{"line":78,"column":9}},"15":{"start":{"line":63,"column":24},"end":{"line":63,"column":79}},"16":{"start":{"line":64,"column":30},"end":{"line":64,"column":53}},"17":{"start":{"line":66,"column":12},"end":{"line":69,"column":15}},"18":{"start":{"line":67,"column":16},"end":{"line":67,"column":83}},"19":{"start":{"line":68,"column":16},"end":{"line":68,"column":73}},"20":{"start":{"line":73,"column":12},"end":{"line":75,"column":15}},"21":{"start":{"line":77,"column":12},"end":{"line":77,"column":29}}},"fnMap":{"0":{"name":"(anonymous_0)","decl":{"start":{"line":8,"column":4},"end":{"line":8,"column":5}},"loc":{"start":{"line":8,"column":23},"end":{"line":18,"column":5}},"line":8},"1":{"name":"(anonymous_1)","decl":{"start":{"line":20,"column":4},"end":{"line":20,"column":5}},"loc":{"start":{"line":20,"column":30},"end":{"line":22,"column":5}},"line":20},"2":{"name":"(anonymous_2)","decl":{"start":{"line":24,"column":4},"end":{"line":24,"column":5}},"loc":{"start":{"line":24,"column":24},"end":{"line":31,"column":5}},"line":24},"3":{"name":"(anonymous_3)","decl":{"start":{"line":29,"column":20},"end":{"line":29,"column":21}},"loc":{"start":{"line":29,"column":29},"end":{"line":29,"column":110}},"line":29},"4":{"name":"(anonymous_4)","decl":{"start":{"line":30,"column":18},"end":{"line":30,"column":19}},"loc":{"start":{"line":30,"column":28},"end":{"line":30,"column":55}},"line":30},"5":{"name":"(anonymous_5)","decl":{"start":{"line":33,"column":4},"end":{"line":33,"column":5}},"loc":{"start":{"line":33,"column":13},"end":{"line":59,"column":5}},"line":33},"6":{"name":"(anonymous_6)","decl":{"start":{"line":40,"column":36},"end":{"line":40,"column":37}},"loc":{"start":{"line":40,"column":54},"end":{"line":49,"column":25}},"line":40},"7":{"name":"(anonymous_7)","decl":{"start":{"line":61,"column":4},"end":{"line":61,"column":5}},"loc":{"start":{"line":61,"column":24},"end":{"line":79,"column":5}},"line":61},"8":{"name":"(anonymous_8)","decl":{"start":{"line":66,"column":30},"end":{"line":66,"column":31}},"loc":{"start":{"line":66,"column":39},"end":{"line":69,"column":13}},"line":66}},"branchMap":{"0":{"loc":{"start":{"line":50,"column":25},"end":{"line":54,"column":34}},"type":"cond-expr","locations":[{"start":{"line":51,"column":29},"end":{"line":53,"column":34}},{"start":{"line":54,"column":30},"end":{"line":54,"column":34}}],"line":50}},"s":{"0":1,"1":1,"2":1,"3":1,"4":1,"5":1,"6":1,"7":1,"8":1,"9":0,"10":0,"11":1,"12":1,"13":0,"14":1,"15":1,"16":0,"17":0,"18":0,"19":0,"20":0,"21":1},"f":{"0":1,"1":1,"2":1,"3":0,"4":0,"5":1,"6":0,"7":1,"8":0},"b":{"0":[1,0]},"_coverageSchema":"1a1c01bbd47fc00a2c39e90264f33305004495a9","hash":"c9827841bc8a634a2edf63bfe2d6e7751683b0ab"}
,"C:\\work\\react-homework\\src\\components\\ErrorBoundary\\ErrorBoundary.jsx": {"path":"C:\\work\\react-homework\\src\\components\\ErrorBoundary\\ErrorBoundary.jsx","statementMap":{"0":{"start":{"line":5,"column":8},"end":{"line":5,"column":21}},"1":{"start":{"line":6,"column":8},"end":{"line":6,"column":41}},"2":{"start":{"line":10,"column":8},"end":{"line":10,"column":34}},"3":{"start":{"line":14,"column":8},"end":{"line":14,"column":38}},"4":{"start":{"line":18,"column":8},"end":{"line":25,"column":9}},"5":{"start":{"line":19,"column":12},"end":{"line":24,"column":14}},"6":{"start":{"line":27,"column":8},"end":{"line":27,"column":35}}},"fnMap":{"0":{"name":"(anonymous_0)","decl":{"start":{"line":4,"column":4},"end":{"line":4,"column":5}},"loc":{"start":{"line":4,"column":23},"end":{"line":7,"column":5}},"line":4},"1":{"name":"(anonymous_1)","decl":{"start":{"line":9,"column":4},"end":{"line":9,"column":5}},"loc":{"start":{"line":9,"column":43},"end":{"line":11,"column":5}},"line":9},"2":{"name":"(anonymous_2)","decl":{"start":{"line":13,"column":4},"end":{"line":13,"column":5}},"loc":{"start":{"line":13,"column":40},"end":{"line":15,"column":5}},"line":13},"3":{"name":"(anonymous_3)","decl":{"start":{"line":17,"column":4},"end":{"line":17,"column":5}},"loc":{"start":{"line":17,"column":13},"end":{"line":28,"column":5}},"line":17}},"branchMap":{"0":{"loc":{"start":{"line":18,"column":8},"end":{"line":25,"column":9}},"type":"if","locations":[{"start":{"line":18,"column":8},"end":{"line":25,"column":9}},{"start":{"line":18,"column":8},"end":{"line":25,"column":9}}],"line":18}},"s":{"0":1,"1":1,"2":0,"3":0,"4":1,"5":0,"6":1},"f":{"0":1,"1":0,"2":0,"3":1},"b":{"0":[0,1]},"_coverageSchema":"1a1c01bbd47fc00a2c39e90264f33305004495a9","hash":"c012e1cb51ad74e9df55546e8be957e5752ed1f0"}
,"C:\\work\\react-homework\\src\\components\\Footer\\Footer.jsx": {"path":"C:\\work\\react-homework\\src\\components\\Footer\\Footer.jsx","statementMap":{"0":{"start":{"line":6,"column":4},"end":{"line":16,"column":6}}},"fnMap":{"0":{"name":"Footer","decl":{"start":{"line":5,"column":24},"end":{"line":5,"column":30}},"loc":{"start":{"line":5,"column":33},"end":{"line":17,"column":1}},"line":5}},"branchMap":{},"s":{"0":1},"f":{"0":1},"b":{},"_coverageSchema":"1a1c01bbd47fc00a2c39e90264f33305004495a9","hash":"4f9349015df76009923908391ad31f634952c43c"}
,"C:\\work\\react-homework\\src\\components\\Search\\Search.jsx": {"path":"C:\\work\\react-homework\\src\\components\\Search\\Search.jsx","statementMap":{"0":{"start":{"line":9,"column":8},"end":{"line":9,"column":21}},"1":{"start":{"line":11,"column":8},"end":{"line":11,"column":44}},"2":{"start":{"line":13,"column":8},"end":{"line":15,"column":10}},"3":{"start":{"line":19,"column":8},"end":{"line":19,"column":30}},"4":{"start":{"line":20,"column":8},"end":{"line":20,"column":41}},"5":{"start":{"line":24,"column":8},"end":{"line":24,"column":53}},"6":{"start":{"line":25,"column":8},"end":{"line":25,"column":41}},"7":{"start":{"line":29,"column":8},"end":{"line":29,"column":58}},"8":{"start":{"line":33,"column":8},"end":{"line":50,"column":10}}},"fnMap":{"0":{"name":"(anonymous_0)","decl":{"start":{"line":8,"column":4},"end":{"line":8,"column":5}},"loc":{"start":{"line":8,"column":23},"end":{"line":16,"column":5}},"line":8},"1":{"name":"(anonymous_1)","decl":{"start":{"line":18,"column":4},"end":{"line":18,"column":5}},"loc":{"start":{"line":18,"column":21},"end":{"line":21,"column":5}},"line":18},"2":{"name":"(anonymous_2)","decl":{"start":{"line":23,"column":4},"end":{"line":23,"column":5}},"loc":{"start":{"line":23,"column":15},"end":{"line":26,"column":5}},"line":23},"3":{"name":"(anonymous_3)","decl":{"start":{"line":28,"column":4},"end":{"line":28,"column":5}},"loc":{"start":{"line":28,"column":29},"end":{"line":30,"column":5}},"line":28},"4":{"name":"(anonymous_4)","decl":{"start":{"line":32,"column":4},"end":{"line":32,"column":5}},"loc":{"start":{"line":32,"column":13},"end":{"line":51,"column":5}},"line":32}},"branchMap":{},"s":{"0":2,"1":2,"2":2,"3":0,"4":0,"5":1,"6":1,"7":1,"8":3},"f":{"0":2,"1":0,"2":1,"3":1,"4":3},"b":{},"_coverageSchema":"1a1c01bbd47fc00a2c39e90264f33305004495a9","hash":"248d22cd2a4d2de3846f20a180a93bc956db36c4"}
,"C:\\work\\react-homework\\src\\components\\Toggler\\Toggler.jsx": {"path":"C:\\work\\react-homework\\src\\components\\Toggler\\Toggler.jsx","statementMap":{"0":{"start":{"line":8,"column":8},"end":{"line":8,"column":21}},"1":{"start":{"line":10,"column":8},"end":{"line":12,"column":10}},"2":{"start":{"line":16,"column":8},"end":{"line":16,"column":48}},"3":{"start":{"line":16,"column":41},"end":{"line":16,"column":48}},"4":{"start":{"line":18,"column":8},"end":{"line":20,"column":11}},"5":{"start":{"line":21,"column":8},"end":{"line":21,"column":32}},"6":{"start":{"line":25,"column":8},"end":{"line":40,"column":10}},"7":{"start":{"line":30,"column":24},"end":{"line":36,"column":31}},"8":{"start":{"line":34,"column":42},"end":{"line":34,"column":63}}},"fnMap":{"0":{"name":"(anonymous_0)","decl":{"start":{"line":7,"column":4},"end":{"line":7,"column":5}},"loc":{"start":{"line":7,"column":23},"end":{"line":13,"column":5}},"line":7},"1":{"name":"(anonymous_1)","decl":{"start":{"line":15,"column":4},"end":{"line":15,"column":5}},"loc":{"start":{"line":15,"column":18},"end":{"line":22,"column":5}},"line":15},"2":{"name":"(anonymous_2)","decl":{"start":{"line":24,"column":4},"end":{"line":24,"column":5}},"loc":{"start":{"line":24,"column":13},"end":{"line":41,"column":5}},"line":24},"3":{"name":"(anonymous_3)","decl":{"start":{"line":29,"column":41},"end":{"line":29,"column":42}},"loc":{"start":{"line":29,"column":59},"end":{"line":37,"column":21}},"line":29},"4":{"name":"(anonymous_4)","decl":{"start":{"line":34,"column":37},"end":{"line":34,"column":38}},"loc":{"start":{"line":34,"column":42},"end":{"line":34,"column":63}},"line":34}},"branchMap":{"0":{"loc":{"start":{"line":16,"column":8},"end":{"line":16,"column":48}},"type":"if","locations":[{"start":{"line":16,"column":8},"end":{"line":16,"column":48}},{"start":{"line":16,"column":8},"end":{"line":16,"column":48}}],"line":16},"1":{"loc":{"start":{"line":33,"column":42},"end":{"line":33,"column":88}},"type":"cond-expr","locations":[{"start":{"line":33,"column":75},"end":{"line":33,"column":83}},{"start":{"line":33,"column":86},"end":{"line":33,"column":88}}],"line":33}},"s":{"0":3,"1":3,"2":1,"3":0,"4":1,"5":1,"6":5,"7":10,"8":1},"f":{"0":3,"1":1,"2":5,"3":10,"4":1},"b":{"0":[0,1],"1":[5,5]},"_coverageSchema":"1a1c01bbd47fc00a2c39e90264f33305004495a9","hash":"20116bcbf2ed600d1df90a7fb6e9248a44f0eb89"}
,"C:\\work\\react-homework\\src\\pages\\MainPage\\MainPage.jsx": {"path":"C:\\work\\react-homework\\src\\pages\\MainPage\\MainPage.jsx","statementMap":{"0":{"start":{"line":12,"column":8},"end":{"line":12,"column":21}},"1":{"start":{"line":14,"column":8},"end":{"line":17,"column":10}},"2":{"start":{"line":21,"column":8},"end":{"line":23,"column":11}},"3":{"start":{"line":27,"column":8},"end":{"line":29,"column":11}},"4":{"start":{"line":33,"column":8},"end":{"line":48,"column":10}}},"fnMap":{"0":{"name":"(anonymous_0)","decl":{"start":{"line":11,"column":4},"end":{"line":11,"column":5}},"loc":{"start":{"line":11,"column":23},"end":{"line":18,"column":5}},"line":11},"1":{"name":"(anonymous_1)","decl":{"start":{"line":20,"column":4},"end":{"line":20,"column":5}},"loc":{"start":{"line":20,"column":21},"end":{"line":24,"column":5}},"line":20},"2":{"name":"(anonymous_2)","decl":{"start":{"line":26,"column":4},"end":{"line":26,"column":5}},"loc":{"start":{"line":26,"column":25},"end":{"line":30,"column":5}},"line":26},"3":{"name":"(anonymous_3)","decl":{"start":{"line":32,"column":4},"end":{"line":32,"column":5}},"loc":{"start":{"line":32,"column":13},"end":{"line":49,"column":5}},"line":32}},"branchMap":{},"s":{"0":1,"1":1,"2":0,"3":0,"4":1},"f":{"0":1,"1":0,"2":0,"3":1},"b":{},"_coverageSchema":"1a1c01bbd47fc00a2c39e90264f33305004495a9","hash":"a69d3be10db2f96db715f9f5f8ccc88ca57a3bba"}
,"C:\\work\\react-homework\\src\\pages\\MainPage\\components\\Header\\Header.jsx": {"path":"C:\\work\\react-homework\\src\\pages\\MainPage\\components\\Header\\Header.jsx","statementMap":{"0":{"start":{"line":8,"column":4},"end":{"line":27,"column":6}}},"fnMap":{"0":{"name":"Header","decl":{"start":{"line":7,"column":24},"end":{"line":7,"column":30}},"loc":{"start":{"line":7,"column":43},"end":{"line":28,"column":1}},"line":7}},"branchMap":{},"s":{"0":1},"f":{"0":1},"b":{},"_coverageSchema":"1a1c01bbd47fc00a2c39e90264f33305004495a9","hash":"094cd2dfb1b02f3c09a2271de8b7994394f058b5"}
,"C:\\work\\react-homework\\src\\pages\\MoviePage\\MoviePage.jsx": {"path":"C:\\work\\react-homework\\src\\pages\\MoviePage\\MoviePage.jsx","statementMap":{"0":{"start":{"line":11,"column":8},"end":{"line":11,"column":21}},"1":{"start":{"line":13,"column":8},"end":{"line":28,"column":9}},"2":{"start":{"line":32,"column":8},"end":{"line":43,"column":10}}},"fnMap":{"0":{"name":"(anonymous_0)","decl":{"start":{"line":10,"column":4},"end":{"line":10,"column":5}},"loc":{"start":{"line":10,"column":23},"end":{"line":29,"column":5}},"line":10},"1":{"name":"(anonymous_1)","decl":{"start":{"line":31,"column":4},"end":{"line":31,"column":5}},"loc":{"start":{"line":31,"column":13},"end":{"line":44,"column":5}},"line":31}},"branchMap":{},"s":{"0":1,"1":1,"2":1},"f":{"0":1,"1":1},"b":{},"_coverageSchema":"1a1c01bbd47fc00a2c39e90264f33305004495a9","hash":"98d221a6cb2c93b2ad664cd1277290b7c2155da0"}
,"C:\\work\\react-homework\\src\\pages\\MoviePage\\components\\MovieDescription\\MovieDescription.jsx": {"path":"C:\\work\\react-homework\\src\\pages\\MoviePage\\components\\MovieDescription\\MovieDescription.jsx","statementMap":{"0":{"start":{"line":7,"column":4},"end":{"line":46,"column":6}}},"fnMap":{"0":{"name":"MovieDescription","decl":{"start":{"line":6,"column":24},"end":{"line":6,"column":40}},"loc":{"start":{"line":6,"column":54},"end":{"line":47,"column":1}},"line":6}},"branchMap":{},"s":{"0":1},"f":{"0":1},"b":{},"_coverageSchema":"1a1c01bbd47fc00a2c39e90264f33305004495a9","hash":"83d26506234929be499d89013d5bb2fa4eecfe17"}
}
