TN:
SF:src\components\App\App.jsx
FN:8,App
FNF:1
FNH:1
FNDA:1,App
DA:9,1
LF:1
LH:1
BRF:0
BRH:0
end_of_record
TN:
SF:src\components\CardItem\CardItem.jsx
FN:5,CardItem
FNF:1
FNH:1
FNDA:1,CardItem
DA:6,1
LF:1
LH:1
BRF:0
BRH:0
end_of_record
TN:
SF:src\components\CardsContainer\CardsContainer.jsx
FN:8,(anonymous_0)
FN:20,(anonymous_1)
FN:24,(anonymous_2)
FN:29,(anonymous_3)
FN:30,(anonymous_4)
FN:33,(anonymous_5)
FN:40,(anonymous_6)
FN:61,(anonymous_7)
FN:66,(anonymous_8)
FNF:9
FNH:5
FNDA:1,(anonymous_0)
FNDA:1,(anonymous_1)
FNDA:1,(anonymous_2)
FNDA:0,(anonymous_3)
FNDA:0,(anonymous_4)
FNDA:1,(anonymous_5)
FNDA:0,(anonymous_6)
FNDA:1,(anonymous_7)
FNDA:0,(anonymous_8)
DA:9,1
DA:11,1
DA:12,1
DA:13,1
DA:15,1
DA:21,1
DA:25,1
DA:26,1
DA:28,1
DA:29,0
DA:30,0
DA:34,1
DA:36,1
DA:41,0
DA:62,1
DA:63,1
DA:64,0
DA:66,0
DA:67,0
DA:68,0
DA:73,0
DA:77,1
LF:22
LH:14
BRDA:50,0,0,1
BRDA:50,0,1,0
BRF:2
BRH:1
end_of_record
TN:
SF:src\components\Footer\Footer.jsx
FN:5,Footer
FNF:1
FNH:1
FNDA:1,Footer
DA:6,1
LF:1
LH:1
BRF:0
BRH:0
end_of_record
TN:
SF:src\components\Search\Search.jsx
FN:8,(anonymous_0)
FN:18,(anonymous_1)
FN:23,(anonymous_2)
FN:28,(anonymous_3)
FN:32,(anonymous_4)
FNF:5
FNH:4
FNDA:2,(anonymous_0)
FNDA:0,(anonymous_1)
FNDA:1,(anonymous_2)
FNDA:1,(anonymous_3)
FNDA:3,(anonymous_4)
DA:9,2
DA:11,2
DA:13,2
DA:19,0
DA:20,0
DA:24,1
DA:25,1
DA:29,1
DA:33,3
LF:9
LH:7
BRF:0
BRH:0
end_of_record
TN:
SF:src\components\Toggler\Toggler.jsx
FN:7,(anonymous_0)
FN:15,(anonymous_1)
FN:24,(anonymous_2)
FN:29,(anonymous_3)
FN:34,(anonymous_4)
FNF:5
FNH:5
FNDA:3,(anonymous_0)
FNDA:1,(anonymous_1)
FNDA:5,(anonymous_2)
FNDA:10,(anonymous_3)
FNDA:1,(anonymous_4)
DA:8,3
DA:10,3
DA:16,1
DA:18,1
DA:21,1
DA:25,5
DA:30,10
DA:34,1
LF:8
LH:8
BRDA:16,0,0,0
BRDA:16,0,1,1
BRDA:33,1,0,5
BRDA:33,1,1,5
BRF:4
BRH:3
end_of_record
TN:
SF:src\pages\MainPage\MainPage.jsx
FN:11,(anonymous_0)
FN:20,(anonymous_1)
FN:26,(anonymous_2)
FN:32,(anonymous_3)
FNF:4
FNH:2
FNDA:1,(anonymous_0)
FNDA:0,(anonymous_1)
FNDA:0,(anonymous_2)
FNDA:1,(anonymous_3)
DA:12,1
DA:14,1
DA:21,0
DA:27,0
DA:33,1
LF:5
LH:3
BRF:0
BRH:0
end_of_record
TN:
SF:src\pages\MainPage\components\Header\Header.jsx
FN:7,Header
FNF:1
FNH:1
FNDA:1,Header
DA:8,1
LF:1
LH:1
BRF:0
BRH:0
end_of_record
TN:
SF:src\pages\MoviePage\MoviePage.jsx
FN:10,(anonymous_0)
FN:31,(anonymous_1)
FNF:2
FNH:2
FNDA:1,(anonymous_0)
FNDA:1,(anonymous_1)
DA:11,1
DA:13,1
DA:32,1
LF:3
LH:3
BRF:0
BRH:0
end_of_record
TN:
SF:src\pages\MoviePage\components\MovieDescription\MovieDescription.jsx
FN:6,MovieDescription
FNF:1
FNH:1
FNDA:1,MovieDescription
DA:7,1
LF:1
LH:1
BRF:0
BRH:0
end_of_record
